PLINK v1.90b6.21 64-bit (19 Oct 2020)
Options in effect:
  --allow-extra-chr
  --file /proj/phanstiel_lab/Data/processed/CQTL/geno/COA9_COA10/COA9_10/PLINK_020624_0706/COA9_10
  --make-bed
  --out geno_output/binary/COA9_10

Hostname: c0536.ll.unc.edu
Working directory: /work/users/s/e/seyoun/cQTL_caQTL
Start time: Fri Sep  5 14:09:18 2025

Random number seed: 1757095758
257182 MB RAM detected; reserving 128591 MB for main workspace.
Scanning .ped file... done.
Performing single-pass .bed write (1904599 variants, 21 people).
--file: geno_output/binary/COA9_10-temporary.bed +
geno_output/binary/COA9_10-temporary.bim +
geno_output/binary/COA9_10-temporary.fam written.
1904599 variants loaded from .bim file.
21 people (15 males, 6 females) loaded from .fam.
Using 1 thread (no multithreaded calculations invoked).
Before main variant filters, 21 founders and 0 nonfounders present.
Calculating allele frequencies... done.
Warning: 592 het. haploid genotypes present (see geno_output/binary/COA9_10.hh
); many commands treat these as missing.
Warning: Nonmissing nonmale Y chromosome genotype(s) present; many commands
treat these as missing.
Total genotyping rate is 0.992622.
1904599 variants and 21 people pass filters and QC.
Note: No phenotypes present.
--make-bed to geno_output/binary/COA9_10.bed + geno_output/binary/COA9_10.bim +
geno_output/binary/COA9_10.fam ... done.

End time: Fri Sep  5 14:09:26 2025
